<?xml version="1.0" encoding="UTF-8"?>
<testng-results ignored="0" total="1" passed="1" failed="0" skipped="0">
  <reporter-output>
  </reporter-output>
  <suite started-at="2023-11-28T12:26:41 IST" name="Default suite" finished-at="2023-11-28T12:26:41 IST" duration-ms="70">
    <groups>
    </groups>
    <test started-at="2023-11-28T12:26:41 IST" name="Default test" finished-at="2023-11-28T12:26:41 IST" duration-ms="70">
      <class name="testing.practice.Assert">
        <test-method signature="hardAssert()[pri:0, instance:testing.practice.Assert@4d5650ae]" started-at="2023-11-28T12:26:41 IST" name="hardAssert" finished-at="2023-11-28T12:26:41 IST" duration-ms="13" status="PASS">
          <reporter-output>
          </reporter-output>
        </test-method> <!-- hardAssert -->
      </class> <!-- testing.practice.Assert -->
    </test> <!-- Default test -->
  </suite> <!-- Default suite -->
</testng-results>
